<?xml version="1.0" encoding="UTF-8"?>
<gresources>
  <gresource prefix="/org/gnome/Retro/TestCoreDescriptor">
    <file>nestopia.libretro</file>
  </gresource>
</gresources>
